Change Component Designator: OldDesignator=ANT? NewDesignator=ANT1
Change Component Designator: OldDesignator=C? NewDesignator=C1
Change Component Designator: OldDesignator=C? NewDesignator=C2
Change Component Designator: OldDesignator=C? NewDesignator=C3
Change Component Designator: OldDesignator=C? NewDesignator=C4
Change Component Designator: OldDesignator=C? NewDesignator=C5
Change Component Designator: OldDesignator=C? NewDesignator=C6
Change Component Designator: OldDesignator=C? NewDesignator=C7
Change Component Designator: OldDesignator=C? NewDesignator=C8
Change Component Designator: OldDesignator=C? NewDesignator=C9
Change Component Designator: OldDesignator=C? NewDesignator=C10
Change Component Designator: OldDesignator=C? NewDesignator=C11
Change Component Designator: OldDesignator=C? NewDesignator=C12
Change Component Designator: OldDesignator=C? NewDesignator=C13
Change Component Designator: OldDesignator=C? NewDesignator=C14
Change Component Designator: OldDesignator=C? NewDesignator=C15
Change Component Designator: OldDesignator=C? NewDesignator=C16
Change Component Designator: OldDesignator=C? NewDesignator=C17
Change Component Designator: OldDesignator=C? NewDesignator=C18
Change Component Designator: OldDesignator=C? NewDesignator=C19
Change Component Designator: OldDesignator=C? NewDesignator=C20
Change Component Designator: OldDesignator=C? NewDesignator=C21
Change Component Designator: OldDesignator=C? NewDesignator=C22
Change Component Designator: OldDesignator=C? NewDesignator=C23
Change Component Designator: OldDesignator=D? NewDesignator=D1
Change Component Designator: OldDesignator=D? NewDesignator=D2
Change Component Designator: OldDesignator=D? NewDesignator=D3
Change Component Designator: OldDesignator=D? NewDesignator=D4
Change Component Designator: OldDesignator=D? NewDesignator=D5
Change Component Designator: OldDesignator=J? NewDesignator=J1
Change Component Designator: OldDesignator=J? NewDesignator=J2
Change Component Designator: OldDesignator=L? NewDesignator=L1
Change Component Designator: OldDesignator=L? NewDesignator=L2
Change Component Designator: OldDesignator=L? NewDesignator=L3
Change Component Designator: OldDesignator=R? NewDesignator=R1
Change Component Designator: OldDesignator=R? NewDesignator=R2
Change Component Designator: OldDesignator=R? NewDesignator=R3
Change Component Designator: OldDesignator=R? NewDesignator=R4
Change Component Designator: OldDesignator=R? NewDesignator=R5
Change Component Designator: OldDesignator=R? NewDesignator=R6
Change Component Designator: OldDesignator=R? NewDesignator=R7
Change Component Designator: OldDesignator=R? NewDesignator=R8
Change Component Designator: OldDesignator=R? NewDesignator=R9
Change Component Designator: OldDesignator=R? NewDesignator=R10
Change Component Designator: OldDesignator=R? NewDesignator=R11
Change Component Designator: OldDesignator=R? NewDesignator=R12
Change Component Designator: OldDesignator=R? NewDesignator=R13
Change Component Designator: OldDesignator=SW? NewDesignator=SW1
Change Component Designator: OldDesignator=SW? NewDesignator=SW2
Change Component Designator: OldDesignator=U? NewDesignator=U1
Change Component Designator: OldDesignator=U? NewDesignator=U2
Change Component Designator: OldDesignator=U? NewDesignator=U3
Change Component Designator: OldDesignator=U? NewDesignator=U4
Change Component Designator: OldDesignator=X? NewDesignator=X1
Change Net Name : Old Net Name=NetC?_2 New Net Name=NetC19_2
Added Member To Class: ClassName=ESP32-PCB-Antenna-USB-Dongle-Motion-Sensor Member=Component C1 10u,0603
Added Member To Class: ClassName=ESP32-PCB-Antenna-USB-Dongle-Motion-Sensor Member=Component C2 100n,0402
Added Member To Class: ClassName=ESP32-PCB-Antenna-USB-Dongle-Motion-Sensor Member=Component C3 100n,0402
Added Member To Class: ClassName=ESP32-PCB-Antenna-USB-Dongle-Motion-Sensor Member=Component C4 100n,0402
Added Member To Class: ClassName=ESP32-PCB-Antenna-USB-Dongle-Motion-Sensor Member=Component C5 100n,0402
Added Member To Class: ClassName=ESP32-PCB-Antenna-USB-Dongle-Motion-Sensor Member=Component C6 100n,0402
Added Member To Class: ClassName=ESP32-PCB-Antenna-USB-Dongle-Motion-Sensor Member=Component C7 10u,0603
Added Member To Class: ClassName=ESP32-PCB-Antenna-USB-Dongle-Motion-Sensor Member=Component C8 100n,0402
Added Member To Class: ClassName=ESP32-PCB-Antenna-USB-Dongle-Motion-Sensor Member=Component C9 10u,0603
Added Member To Class: ClassName=ESP32-PCB-Antenna-USB-Dongle-Motion-Sensor Member=Component C10 3P3,0603
Added Member To Class: ClassName=ESP32-PCB-Antenna-USB-Dongle-Motion-Sensor Member=Component C11 3P3,0603
Added Member To Class: ClassName=ESP32-PCB-Antenna-USB-Dongle-Motion-Sensor Member=Component C12 100n,0402
Added Member To Class: ClassName=ESP32-PCB-Antenna-USB-Dongle-Motion-Sensor Member=Component C13 100n,0402
Added Member To Class: ClassName=ESP32-PCB-Antenna-USB-Dongle-Motion-Sensor Member=Component C14 10p,0402
Added Member To Class: ClassName=ESP32-PCB-Antenna-USB-Dongle-Motion-Sensor Member=Component C15 10p,0402
Added Member To Class: ClassName=ESP32-PCB-Antenna-USB-Dongle-Motion-Sensor Member=Component C16 100n,0402
Added Member To Class: ClassName=ESP32-PCB-Antenna-USB-Dongle-Motion-Sensor Member=Component C17 100n,0402
Added Member To Class: ClassName=ESP32-PCB-Antenna-USB-Dongle-Motion-Sensor Member=Component C18 10u,0603
Added Member To Class: ClassName=ESP32-PCB-Antenna-USB-Dongle-Motion-Sensor Member=Component C19 100n,0402
Added Member To Class: ClassName=ESP32-PCB-Antenna-USB-Dongle-Motion-Sensor Member=Component C20 100n,0402
Added Member To Class: ClassName=ESP32-PCB-Antenna-USB-Dongle-Motion-Sensor Member=Component C21 100n,0402
Added Member To Class: ClassName=ESP32-PCB-Antenna-USB-Dongle-Motion-Sensor Member=Component C22 100n,0402
Added Member To Class: ClassName=ESP32-PCB-Antenna-USB-Dongle-Motion-Sensor Member=Component C23 10u,0603
Added Member To Class: ClassName=ESP32-PCB-Antenna-USB-Dongle-Motion-Sensor Member=Component D2 GREEN
Added Member To Class: ClassName=ESP32-PCB-Antenna-USB-Dongle-Motion-Sensor Member=Component D3 GREEN
Added Member To Class: ClassName=ESP32-PCB-Antenna-USB-Dongle-Motion-Sensor Member=Component D4 GREEN
Added Member To Class: ClassName=ESP32-PCB-Antenna-USB-Dongle-Motion-Sensor Member=Component D5 USBLC6-2SC6
Added Member To Class: ClassName=ESP32-PCB-Antenna-USB-Dongle-Motion-Sensor Member=Component J1 TYPE-C-31-M-12
Added Member To Class: ClassName=ESP32-PCB-Antenna-USB-Dongle-Motion-Sensor Member=Component L2 2n2,0603
Added Member To Class: ClassName=ESP32-PCB-Antenna-USB-Dongle-Motion-Sensor Member=Component L3 2n2,0603
Added Member To Class: ClassName=ESP32-PCB-Antenna-USB-Dongle-Motion-Sensor Member=Component R1 5k1,0402
Added Member To Class: ClassName=ESP32-PCB-Antenna-USB-Dongle-Motion-Sensor Member=Component R2 5k1,0402
Added Member To Class: ClassName=ESP32-PCB-Antenna-USB-Dongle-Motion-Sensor Member=Component R3 22R,0402
Added Member To Class: ClassName=ESP32-PCB-Antenna-USB-Dongle-Motion-Sensor Member=Component R4 470R,0402
Added Member To Class: ClassName=ESP32-PCB-Antenna-USB-Dongle-Motion-Sensor Member=Component R5 5k1,0402
Added Member To Class: ClassName=ESP32-PCB-Antenna-USB-Dongle-Motion-Sensor Member=Component R6 5k1,0402
Added Member To Class: ClassName=ESP32-PCB-Antenna-USB-Dongle-Motion-Sensor Member=Component R7 22R,0402
Added Member To Class: ClassName=ESP32-PCB-Antenna-USB-Dongle-Motion-Sensor Member=Component R8 470R,0402
Added Member To Class: ClassName=ESP32-PCB-Antenna-USB-Dongle-Motion-Sensor Member=Component R9 5k1,0402
Added Member To Class: ClassName=ESP32-PCB-Antenna-USB-Dongle-Motion-Sensor Member=Component R10 5k1,0402
Added Member To Class: ClassName=ESP32-PCB-Antenna-USB-Dongle-Motion-Sensor Member=Component R12 1k,0402
Added Member To Class: ClassName=ESP32-PCB-Antenna-USB-Dongle-Motion-Sensor Member=Component R13 1k,0402
Added Member To Class: ClassName=ESP32-PCB-Antenna-USB-Dongle-Motion-Sensor Member=Component SW1 SKRPANE010
Added Member To Class: ClassName=ESP32-PCB-Antenna-USB-Dongle-Motion-Sensor Member=Component U1 W25Q16JVUXIQ
Added Member To Class: ClassName=ESP32-PCB-Antenna-USB-Dongle-Motion-Sensor Member=Component U3 SPX3819M5-L-3-3/TR
Added Member To Class: ClassName=ESP32-PCB-Antenna-USB-Dongle-Motion-Sensor Member=Component U4 BMI055
