Added Component: Designator=ANT1(ANT_IFA_USB_2_4GHZ_50R)
Add component (AddParameter): Name = "ComponentLink1Description"; Value = "Datasheet"; VariantName = "[No Variations]"
Add component (AddParameter): Name = "ComponentLink1URL"; Value = "https://www.ti.com/lit/an/swra117d/swra117d.pdf"; VariantName = "[No Variations]"
Added Component: Designator=C1(CAP_0603)
Added Component: Designator=C2(CAP_0402)
Added Component: Designator=C3(CAP_0402)
Added Component: Designator=C4(CAP_0402)
Added Component: Designator=C5(CAP_0402)
Added Component: Designator=C6(CAP_0402)
Added Component: Designator=C7(CAP_0603)
Added Component: Designator=C8(CAP_0402)
Added Component: Designator=C9(CAP_0603)
Added Component: Designator=C10(CAP_0603)
Added Component: Designator=C11(CAP_0603)
Added Component: Designator=C12(CAP_0402)
Added Component: Designator=C13(CAP_0402)
Added Component: Designator=C14(CAP_0402)
Added Component: Designator=C15(CAP_0402)
Added Component: Designator=C16(CAP_0402)
Added Component: Designator=C17(CAP_0402)
Added Component: Designator=C18(CAP_0603)
Added Component: Designator=C19(CAP_0603)
Added Component: Designator=C20(CAP_0402)
Added Component: Designator=C21(CAP_0402)
Added Component: Designator=C22(CAP_0402)
Added Component: Designator=C23(CAP_0402)
Added Component: Designator=D1(SOT-23-6)
Add component (AddParameter): Name = "Distributor Link"; Value = "https://www.mouser.de/ProductDetail/STMicroelectronics/USBLC6-2SC6?qs=po45yt2pPpu%2FhNIlwQdTlg%3D%3D"; VariantName = "[No Variations]"
Add component (AddParameter): Name = "Manufacturer"; Value = "STMicroelectronics"; VariantName = "[No Variations]"
Add component (AddParameter): Name = "Manufacturer Part Number"; Value = "USBLC6-2SC6"; VariantName = "[No Variations]"
Added Component: Designator=D2(LED_0402_GREEN)
Added Component: Designator=D3(LED_0402_GREEN)
Added Component: Designator=D4(LED_0402_GREEN)
Added Component: Designator=D5(SOT-23-6)
Add component (AddParameter): Name = "Distributor Link"; Value = "https://www.mouser.de/ProductDetail/STMicroelectronics/USBLC6-2SC6?qs=po45yt2pPpu%2FhNIlwQdTlg%3D%3D"; VariantName = "[No Variations]"
Add component (AddParameter): Name = "Manufacturer"; Value = "STMicroelectronics"; VariantName = "[No Variations]"
Add component (AddParameter): Name = "Manufacturer Part Number"; Value = "USBLC6-2SC6"; VariantName = "[No Variations]"
Added Component: Designator=J1(TYPE-C-31-M-12)
Add component (AddParameter): Name = "Manufacturer"; Value = "Koren Hroparts"; VariantName = "[No Variations]"
Add component (AddParameter): Name = "Manufacturer Part Number"; Value = "TYPE-C-31-M-12"; VariantName = "[No Variations]"
Added Component: Designator=J2(105313-1104)
Add component (AddParameter): Name = "Manufacturer"; Value = "Molex"; VariantName = "[No Variations]"
Add component (AddParameter): Name = "Manufacturer Part Number"; Value = "105313-1104"; VariantName = "[No Variations]"
Added Component: Designator=L1(IND_0603)
Added Component: Designator=L2(IND_0603)
Added Component: Designator=L3(IND_0603)
Added Component: Designator=R1(RES_0402)
Add component (AddParameter): Name = "Distributor Link"; Value = ""; VariantName = "[No Variations]"
Add component (AddParameter): Name = "Manufacturer"; Value = ""; VariantName = "[No Variations]"
Add component (AddParameter): Name = "Manufacturer Part Number"; Value = ""; VariantName = "[No Variations]"
Added Component: Designator=R2(RES_0402)
Add component (AddParameter): Name = "Distributor Link"; Value = ""; VariantName = "[No Variations]"
Add component (AddParameter): Name = "Manufacturer"; Value = ""; VariantName = "[No Variations]"
Add component (AddParameter): Name = "Manufacturer Part Number"; Value = ""; VariantName = "[No Variations]"
Added Component: Designator=R3(RES_0402)
Add component (AddParameter): Name = "Distributor Link"; Value = ""; VariantName = "[No Variations]"
Add component (AddParameter): Name = "Manufacturer"; Value = ""; VariantName = "[No Variations]"
Add component (AddParameter): Name = "Manufacturer Part Number"; Value = ""; VariantName = "[No Variations]"
Added Component: Designator=R4(RES_0402)
Add component (AddParameter): Name = "Distributor Link"; Value = ""; VariantName = "[No Variations]"
Add component (AddParameter): Name = "Manufacturer"; Value = ""; VariantName = "[No Variations]"
Add component (AddParameter): Name = "Manufacturer Part Number"; Value = ""; VariantName = "[No Variations]"
Added Component: Designator=R5(RES_0402)
Add component (AddParameter): Name = "Distributor Link"; Value = ""; VariantName = "[No Variations]"
Add component (AddParameter): Name = "Manufacturer"; Value = ""; VariantName = "[No Variations]"
Add component (AddParameter): Name = "Manufacturer Part Number"; Value = ""; VariantName = "[No Variations]"
Added Component: Designator=R6(RES_0402)
Add component (AddParameter): Name = "Distributor Link"; Value = ""; VariantName = "[No Variations]"
Add component (AddParameter): Name = "Manufacturer"; Value = ""; VariantName = "[No Variations]"
Add component (AddParameter): Name = "Manufacturer Part Number"; Value = ""; VariantName = "[No Variations]"
Added Component: Designator=R7(RES_0402)
Add component (AddParameter): Name = "Distributor Link"; Value = ""; VariantName = "[No Variations]"
Add component (AddParameter): Name = "Manufacturer"; Value = ""; VariantName = "[No Variations]"
Add component (AddParameter): Name = "Manufacturer Part Number"; Value = ""; VariantName = "[No Variations]"
Added Component: Designator=R8(RES_0402)
Add component (AddParameter): Name = "Distributor Link"; Value = ""; VariantName = "[No Variations]"
Add component (AddParameter): Name = "Manufacturer"; Value = ""; VariantName = "[No Variations]"
Add component (AddParameter): Name = "Manufacturer Part Number"; Value = ""; VariantName = "[No Variations]"
Added Component: Designator=R9(RES_0402)
Add component (AddParameter): Name = "Distributor Link"; Value = ""; VariantName = "[No Variations]"
Add component (AddParameter): Name = "Manufacturer"; Value = ""; VariantName = "[No Variations]"
Add component (AddParameter): Name = "Manufacturer Part Number"; Value = ""; VariantName = "[No Variations]"
Added Component: Designator=R10(RES_0402)
Add component (AddParameter): Name = "Distributor Link"; Value = ""; VariantName = "[No Variations]"
Add component (AddParameter): Name = "Manufacturer"; Value = ""; VariantName = "[No Variations]"
Add component (AddParameter): Name = "Manufacturer Part Number"; Value = ""; VariantName = "[No Variations]"
Added Component: Designator=R11(RES_0402)
Add component (AddParameter): Name = "Distributor Link"; Value = ""; VariantName = "[No Variations]"
Add component (AddParameter): Name = "Manufacturer"; Value = ""; VariantName = "[No Variations]"
Add component (AddParameter): Name = "Manufacturer Part Number"; Value = ""; VariantName = "[No Variations]"
Added Component: Designator=R12(RES_0402)
Add component (AddParameter): Name = "Distributor Link"; Value = ""; VariantName = "[No Variations]"
Add component (AddParameter): Name = "Manufacturer"; Value = ""; VariantName = "[No Variations]"
Add component (AddParameter): Name = "Manufacturer Part Number"; Value = ""; VariantName = "[No Variations]"
Added Component: Designator=R13(RES_0402)
Add component (AddParameter): Name = "Distributor Link"; Value = ""; VariantName = "[No Variations]"
Add component (AddParameter): Name = "Manufacturer"; Value = ""; VariantName = "[No Variations]"
Add component (AddParameter): Name = "Manufacturer Part Number"; Value = ""; VariantName = "[No Variations]"
Added Component: Designator=SW1(SKRPANE010)
Add component (AddParameter): Name = "Manufacturer"; Value = "Alps Alpine"; VariantName = "[No Variations]"
Add component (AddParameter): Name = "Manufacturer Part Number"; Value = "SKRPANE010"; VariantName = "[No Variations]"
Added Component: Designator=SW2(SKRPANE010)
Add component (AddParameter): Name = "Manufacturer"; Value = "Alps Alpine"; VariantName = "[No Variations]"
Add component (AddParameter): Name = "Manufacturer Part Number"; Value = "SKRPANE010"; VariantName = "[No Variations]"
Added Component: Designator=U1(USON-8-2X3MM)
Add component (AddParameter): Name = "LCSC"; Value = "C2843335"; VariantName = "[No Variations]"
Add component (AddParameter): Name = "Manufacturer"; Value = "Winbond"; VariantName = "[No Variations]"
Add component (AddParameter): Name = "Manufacturer Part Number"; Value = "W25Q16JVUXIQ"; VariantName = "[No Variations]"
Added Component: Designator=U2(QFN32-5x5)
Add component (AddParameter): Name = "LCSC"; Value = "C2838500"; VariantName = "[No Variations]"
Add component (AddParameter): Name = "Manufacturer"; Value = "Espressif"; VariantName = "[No Variations]"
Add component (AddParameter): Name = "Manufacturer Part Number"; Value = "ESP32-C3"; VariantName = "[No Variations]"
Added Component: Designator=U3(SOT-23-5)
Add component (AddParameter): Name = "Manufacturer"; Value = "MaxLinear"; VariantName = "[No Variations]"
Add component (AddParameter): Name = "Manufacturer Part Number"; Value = "SPX3819M5-L-3-3/TR"; VariantName = "[No Variations]"
Added Component: Designator=U4(BMI088)
Add component (AddParameter): Name = "LCSC"; Value = "C189620"; VariantName = "[No Variations]"
Add component (AddParameter): Name = "Manufacturer"; Value = "Bosch"; VariantName = "[No Variations]"
Add component (AddParameter): Name = "Manufacturer Part Number"; Value = "BMI055"; VariantName = "[No Variations]"
Added Component: Designator=X1(XTAL_2520)
Add component (AddParameter): Name = "Distributor Link"; Value = ""; VariantName = "[No Variations]"
Add component (AddParameter): Name = "Manufacturer"; Value = ""; VariantName = "[No Variations]"
Add component (AddParameter): Name = "Manufacturer Part Number"; Value = ""; VariantName = "[No Variations]"
Added Pin To Net: NetName=ANT_RF Pin=ANT1-1
Added Pin To Net: NetName=ANT_RF Pin=ANT1-1
Added Pin To Net: NetName=ANT_RF Pin=ANT1-1
Added Pin To Net: NetName=ANT_RF Pin=ANT1-1
Added Pin To Net: NetName=ANT_RF Pin=ANT1-1
Added Pin To Net: NetName=ANT_RF Pin=ANT1-1
Added Pin To Net: NetName=ANT_RF Pin=ANT1-1
Added Pin To Net: NetName=ANT_RF Pin=ANT1-1
Added Pin To Net: NetName=ANT_RF Pin=ANT1-1
Added Pin To Net: NetName=ANT_RF Pin=ANT1-1
Added Pin To Net: NetName=ANT_RF Pin=ANT1-1
Added Pin To Net: NetName=GND Pin=ANT1-2
Added Pin To Net: NetName=GND Pin=C1-1
Added Pin To Net: NetName=+3V3 Pin=C1-2
Added Pin To Net: NetName=GND Pin=C2-1
Added Pin To Net: NetName=+3V3 Pin=C2-2
Added Pin To Net: NetName=GND Pin=C3-1
Added Pin To Net: NetName=+3V3 Pin=C3-2
Added Pin To Net: NetName=GND Pin=C4-1
Added Pin To Net: NetName=+3V3 Pin=C4-2
Added Pin To Net: NetName=GND Pin=C5-1
Added Pin To Net: NetName=+3V3_RF Pin=C5-2
Added Pin To Net: NetName=GND Pin=C6-1
Added Pin To Net: NetName=+3V3 Pin=C6-2
Added Pin To Net: NetName=GND Pin=C7-1
Added Pin To Net: NetName=+3V3 Pin=C7-2
Added Pin To Net: NetName=GND Pin=C8-1
Added Pin To Net: NetName=+VCC_SPI Pin=C8-2
Added Pin To Net: NetName=GND Pin=C9-1
Added Pin To Net: NetName=+VCC_SPI Pin=C9-2
Added Pin To Net: NetName=LNA_IN Pin=C10-1
Added Pin To Net: NetName=GND Pin=C10-2
Added Pin To Net: NetName=ANT_RF Pin=C11-1
Added Pin To Net: NetName=GND Pin=C11-2
Added Pin To Net: NetName=GND Pin=C12-1
Added Pin To Net: NetName=CHIP_EN Pin=C12-2
Added Pin To Net: NetName=GND Pin=C13-1
Added Pin To Net: NetName=INT_GYR_GPIO9 Pin=C13-2
Added Pin To Net: NetName=GND Pin=C14-1
Added Pin To Net: NetName=XTAL_P Pin=C14-2
Added Pin To Net: NetName=GND Pin=C15-1
Added Pin To Net: NetName=XTAL_N Pin=C15-2
Added Pin To Net: NetName=GND Pin=C16-1
Added Pin To Net: NetName=+VBUS Pin=C16-2
Added Pin To Net: NetName=GND Pin=C17-1
Added Pin To Net: NetName=+VBUS_FLT Pin=C17-2
Added Pin To Net: NetName=GND Pin=C18-1
Added Pin To Net: NetName=+VBUS_FLT Pin=C18-2
Added Pin To Net: NetName=GND Pin=C19-1
Added Pin To Net: NetName=+3V3 Pin=C19-2
Added Pin To Net: NetName=GND Pin=C20-1
Added Pin To Net: NetName=GND Pin=C21-1
Added Pin To Net: NetName=+3V3 Pin=C21-2
Added Pin To Net: NetName=GND Pin=C22-1
Added Pin To Net: NetName=+3V3 Pin=C22-2
Added Pin To Net: NetName=GND Pin=C23-1
Added Pin To Net: NetName=+VBUS_FLT Pin=C23-2
Added Pin To Net: NetName=MCU_USB_D_N Pin=D1-1
Added Pin To Net: NetName=GND Pin=D1-2
Added Pin To Net: NetName=MCU_USB_D_P Pin=D1-3
Added Pin To Net: NetName=USB_D_P Pin=D1-4
Added Pin To Net: NetName=+VBUS Pin=D1-5
Added Pin To Net: NetName=USB_D_N Pin=D1-6
Added Pin To Net: NetName=LED_A Pin=D2-A
Added Pin To Net: NetName=LED_A_K Pin=D2-K
Added Pin To Net: NetName=LED_B Pin=D3-A
Added Pin To Net: NetName=LED_B_K Pin=D3-K
Added Pin To Net: NetName=+3V3 Pin=D4-A
Added Pin To Net: NetName=PWR_LED_K Pin=D4-K
Added Pin To Net: NetName=UART0_RX Pin=D5-1
Added Pin To Net: NetName=GND Pin=D5-2
Added Pin To Net: NetName=UART0_TX Pin=D5-3
Added Pin To Net: NetName=UART0_TX_OUT Pin=D5-4
Added Pin To Net: NetName=+VBUS_FLT Pin=D5-5
Added Pin To Net: NetName=UART0_RX_OUT Pin=D5-6
Added Pin To Net: NetName=GND Pin=J1-A1B12
Added Pin To Net: NetName=+VBUS Pin=J1-A4B9
Added Pin To Net: NetName=CC1 Pin=J1-A5
Added Pin To Net: NetName=USB_D_P Pin=J1-A6
Added Pin To Net: NetName=USB_D_N Pin=J1-A7
Added Pin To Net: NetName=GND Pin=J1-B1A12
Added Pin To Net: NetName=+VBUS Pin=J1-B4A9
Added Pin To Net: NetName=CC2 Pin=J1-B5
Added Pin To Net: NetName=USB_D_P Pin=J1-B6
Added Pin To Net: NetName=USB_D_N Pin=J1-B7
Added Pin To Net: NetName=+VBUS_FLT Pin=J2-1
Added Pin To Net: NetName=UART0_RX_OUT Pin=J2-2
Added Pin To Net: NetName=UART0_TX_OUT Pin=J2-3
Added Pin To Net: NetName=GND Pin=J2-4
Added Pin To Net: NetName=+3V3_RF Pin=L1-1
Added Pin To Net: NetName=+3V3 Pin=L1-2
Added Pin To Net: NetName=LNA_IN Pin=L2-1
Added Pin To Net: NetName=ANT_RF Pin=L2-2
Added Pin To Net: NetName=+VBUS Pin=L3-1
Added Pin To Net: NetName=+VBUS_FLT Pin=L3-2
Added Pin To Net: NetName=CHIP_EN Pin=R1-1
Added Pin To Net: NetName=+3V3 Pin=R1-2
Added Pin To Net: NetName=INT_GYR_GPIO9 Pin=R2-1
Added Pin To Net: NetName=+3V3 Pin=R2-2
Added Pin To Net: NetName=FSPI_CLK Pin=R3-1
Added Pin To Net: NetName=MCU_MTCK Pin=R3-2
Added Pin To Net: NetName=UART0_RX Pin=R4-1
Added Pin To Net: NetName=MCU_U0_RX Pin=R4-2
Added Pin To Net: NetName=FSPI_NCS2 Pin=R5-1
Added Pin To Net: NetName=+3V3 Pin=R5-2
Added Pin To Net: NetName=FSPI_Q Pin=R6-1
Added Pin To Net: NetName=+3V3 Pin=R6-2
Added Pin To Net: NetName=MCU_XTAL_P Pin=R7-1
Added Pin To Net: NetName=XTAL_P Pin=R7-2
Added Pin To Net: NetName=UART0_TX Pin=R8-1
Added Pin To Net: NetName=MCU_U0_TX Pin=R8-2
Added Pin To Net: NetName=GND Pin=R9-1
Added Pin To Net: NetName=CC2 Pin=R9-2
Added Pin To Net: NetName=GND Pin=R10-1
Added Pin To Net: NetName=CC1 Pin=R10-2
Added Pin To Net: NetName=GND Pin=R11-1
Added Pin To Net: NetName=PWR_LED_K Pin=R11-2
Added Pin To Net: NetName=GND Pin=R12-1
Added Pin To Net: NetName=LED_A_K Pin=R12-2
Added Pin To Net: NetName=GND Pin=R13-1
Added Pin To Net: NetName=LED_B_K Pin=R13-2
Added Pin To Net: NetName=GND Pin=SW1-12
Added Pin To Net: NetName=GND Pin=SW1-12
Added Pin To Net: NetName=CHIP_EN Pin=SW1-34
Added Pin To Net: NetName=CHIP_EN Pin=SW1-34
Added Pin To Net: NetName=GND Pin=SW2-12
Added Pin To Net: NetName=GND Pin=SW2-12
Added Pin To Net: NetName=INT_GYR_GPIO9 Pin=SW2-34
Added Pin To Net: NetName=INT_GYR_GPIO9 Pin=SW2-34
Added Pin To Net: NetName=SPICSO Pin=U1-1
Added Pin To Net: NetName=SPIQ Pin=U1-2
Added Pin To Net: NetName=SPIWP Pin=U1-3
Added Pin To Net: NetName=GND Pin=U1-4
Added Pin To Net: NetName=SPID Pin=U1-5
Added Pin To Net: NetName=SPICLK Pin=U1-6
Added Pin To Net: NetName=SPIHD Pin=U1-7
Added Pin To Net: NetName=+VCC_SPI Pin=U1-8
Added Pin To Net: NetName=GND Pin=U1-9
Added Pin To Net: NetName=LNA_IN Pin=U2-1
Added Pin To Net: NetName=+3V3_RF Pin=U2-2
Added Pin To Net: NetName=+3V3_RF Pin=U2-3
Added Pin To Net: NetName=FSPI_Q Pin=U2-6
Added Pin To Net: NetName=CHIP_EN Pin=U2-7
Added Pin To Net: NetName=LED_A Pin=U2-8
Added Pin To Net: NetName=LED_B Pin=U2-9
Added Pin To Net: NetName=INT_ACC Pin=U2-10
Added Pin To Net: NetName=+3V3 Pin=U2-11
Added Pin To Net: NetName=MCU_MTCK Pin=U2-12
Added Pin To Net: NetName=FSPI_D Pin=U2-13
Added Pin To Net: NetName=FSPI_NCS2 Pin=U2-14
Added Pin To Net: NetName=INT_GYR_GPIO9 Pin=U2-15
Added Pin To Net: NetName=FSPI_NCS Pin=U2-16
Added Pin To Net: NetName=+3V3 Pin=U2-17
Added Pin To Net: NetName=+VCC_SPI Pin=U2-18
Added Pin To Net: NetName=SPIHD Pin=U2-19
Added Pin To Net: NetName=SPIWP Pin=U2-20
Added Pin To Net: NetName=SPICSO Pin=U2-21
Added Pin To Net: NetName=SPICLK Pin=U2-22
Added Pin To Net: NetName=SPID Pin=U2-23
Added Pin To Net: NetName=SPIQ Pin=U2-24
Added Pin To Net: NetName=MCU_USB_D_N Pin=U2-25
Added Pin To Net: NetName=MCU_USB_D_P Pin=U2-26
Added Pin To Net: NetName=MCU_U0_RX Pin=U2-27
Added Pin To Net: NetName=MCU_U0_TX Pin=U2-28
Added Pin To Net: NetName=XTAL_N Pin=U2-29
Added Pin To Net: NetName=MCU_XTAL_P Pin=U2-30
Added Pin To Net: NetName=+3V3 Pin=U2-31
Added Pin To Net: NetName=+3V3 Pin=U2-32
Added Pin To Net: NetName=GND Pin=U2-33
Added Pin To Net: NetName=+VBUS_FLT Pin=U3-1
Added Pin To Net: NetName=GND Pin=U3-2
Added Pin To Net: NetName=+VBUS_FLT Pin=U3-3
Added Pin To Net: NetName=+3V3 Pin=U3-5
Added Pin To Net: NetName=GND Pin=U4-2
Added Pin To Net: NetName=+3V3 Pin=U4-3
Added Pin To Net: NetName=GND Pin=U4-4
Added Pin To Net: NetName=FSPI_NCS2 Pin=U4-5
Added Pin To Net: NetName=GND Pin=U4-6
Added Pin To Net: NetName=GND Pin=U4-7
Added Pin To Net: NetName=FSPI_CLK Pin=U4-8
Added Pin To Net: NetName=FSPI_D Pin=U4-9
Added Pin To Net: NetName=FSPI_Q Pin=U4-10
Added Pin To Net: NetName=+3V3 Pin=U4-11
Added Pin To Net: NetName=INT_GYR_GPIO9 Pin=U4-12
Added Pin To Net: NetName=FSPI_NCS Pin=U4-14
Added Pin To Net: NetName=FSPI_Q Pin=U4-15
Added Pin To Net: NetName=INT_ACC Pin=U4-16
Added Pin To Net: NetName=XTAL_P Pin=X1-1
Added Pin To Net: NetName=GND Pin=X1-2
Added Pin To Net: NetName=XTAL_N Pin=X1-3
Added Pin To Net: NetName=GND Pin=X1-4
Added Pin To Net: NetName=NetC20_2 Pin=C20-2
Added Pin To Net: NetName=NetC20_2 Pin=U3-4
Added Net: Name=NetC20_2
Added Member To Class: ClassName=ESP32-PCB-Antenna-USB-Dongle-Motion-Sensor Member=Component ANT1 PCB Antenna 2.4GHz 50Ohm
Added Member To Class: ClassName=ESP32-PCB-Antenna-USB-Dongle-Motion-Sensor Member=Component C1 10u,0603
Added Member To Class: ClassName=ESP32-PCB-Antenna-USB-Dongle-Motion-Sensor Member=Component C2 100n,0402
Added Member To Class: ClassName=ESP32-PCB-Antenna-USB-Dongle-Motion-Sensor Member=Component C3 100n,0402
Added Member To Class: ClassName=ESP32-PCB-Antenna-USB-Dongle-Motion-Sensor Member=Component C4 100n,0402
Added Member To Class: ClassName=ESP32-PCB-Antenna-USB-Dongle-Motion-Sensor Member=Component C5 100n,0402
Added Member To Class: ClassName=ESP32-PCB-Antenna-USB-Dongle-Motion-Sensor Member=Component C6 100n,0402
Added Member To Class: ClassName=ESP32-PCB-Antenna-USB-Dongle-Motion-Sensor Member=Component C7 10u,0603
Added Member To Class: ClassName=ESP32-PCB-Antenna-USB-Dongle-Motion-Sensor Member=Component C8 100n,0402
Added Member To Class: ClassName=ESP32-PCB-Antenna-USB-Dongle-Motion-Sensor Member=Component C9 10u,0603
Added Member To Class: ClassName=ESP32-PCB-Antenna-USB-Dongle-Motion-Sensor Member=Component C10 3P3,0603
Added Member To Class: ClassName=ESP32-PCB-Antenna-USB-Dongle-Motion-Sensor Member=Component C11 3P3,0603
Added Member To Class: ClassName=ESP32-PCB-Antenna-USB-Dongle-Motion-Sensor Member=Component C12 100n,0402
Added Member To Class: ClassName=ESP32-PCB-Antenna-USB-Dongle-Motion-Sensor Member=Component C13 100n,0402
Added Member To Class: ClassName=ESP32-PCB-Antenna-USB-Dongle-Motion-Sensor Member=Component C14 10p,0402
Added Member To Class: ClassName=ESP32-PCB-Antenna-USB-Dongle-Motion-Sensor Member=Component C15 10p,0402
Added Member To Class: ClassName=ESP32-PCB-Antenna-USB-Dongle-Motion-Sensor Member=Component C16 100n,0402
Added Member To Class: ClassName=ESP32-PCB-Antenna-USB-Dongle-Motion-Sensor Member=Component C17 100n,0402
Added Member To Class: ClassName=ESP32-PCB-Antenna-USB-Dongle-Motion-Sensor Member=Component C18 10u,0603
Added Member To Class: ClassName=ESP32-PCB-Antenna-USB-Dongle-Motion-Sensor Member=Component C19 10u,0603
Added Member To Class: ClassName=ESP32-PCB-Antenna-USB-Dongle-Motion-Sensor Member=Component C20 100n,0402
Added Member To Class: ClassName=ESP32-PCB-Antenna-USB-Dongle-Motion-Sensor Member=Component C21 100n,0402
Added Member To Class: ClassName=ESP32-PCB-Antenna-USB-Dongle-Motion-Sensor Member=Component C22 100n,0402
Added Member To Class: ClassName=ESP32-PCB-Antenna-USB-Dongle-Motion-Sensor Member=Component C23 100n,0402
Added Member To Class: ClassName=ESP32-PCB-Antenna-USB-Dongle-Motion-Sensor Member=Component D1 USBLC6-2SC6
Added Member To Class: ClassName=ESP32-PCB-Antenna-USB-Dongle-Motion-Sensor Member=Component D2 GREEN
Added Member To Class: ClassName=ESP32-PCB-Antenna-USB-Dongle-Motion-Sensor Member=Component D3 GREEN
Added Member To Class: ClassName=ESP32-PCB-Antenna-USB-Dongle-Motion-Sensor Member=Component D4 GREEN
Added Member To Class: ClassName=ESP32-PCB-Antenna-USB-Dongle-Motion-Sensor Member=Component D5 USBLC6-2SC6
Added Member To Class: ClassName=ESP32-PCB-Antenna-USB-Dongle-Motion-Sensor Member=Component J1 TYPE-C-31-M-12
Added Member To Class: ClassName=ESP32-PCB-Antenna-USB-Dongle-Motion-Sensor Member=Component J2 105313-1104
Added Member To Class: ClassName=ESP32-PCB-Antenna-USB-Dongle-Motion-Sensor Member=Component L1 2n2,0603
Added Member To Class: ClassName=ESP32-PCB-Antenna-USB-Dongle-Motion-Sensor Member=Component L2 2n2,0603
Added Member To Class: ClassName=ESP32-PCB-Antenna-USB-Dongle-Motion-Sensor Member=Component L3 2n2,0603
Added Member To Class: ClassName=ESP32-PCB-Antenna-USB-Dongle-Motion-Sensor Member=Component R1 5k1,0402
Added Member To Class: ClassName=ESP32-PCB-Antenna-USB-Dongle-Motion-Sensor Member=Component R2 5k1,0402
Added Member To Class: ClassName=ESP32-PCB-Antenna-USB-Dongle-Motion-Sensor Member=Component R3 22R,0402
Added Member To Class: ClassName=ESP32-PCB-Antenna-USB-Dongle-Motion-Sensor Member=Component R4 470R,0402
Added Member To Class: ClassName=ESP32-PCB-Antenna-USB-Dongle-Motion-Sensor Member=Component R5 5k1,0402
Added Member To Class: ClassName=ESP32-PCB-Antenna-USB-Dongle-Motion-Sensor Member=Component R6 5k1,0402
Added Member To Class: ClassName=ESP32-PCB-Antenna-USB-Dongle-Motion-Sensor Member=Component R7 22R,0402
Added Member To Class: ClassName=ESP32-PCB-Antenna-USB-Dongle-Motion-Sensor Member=Component R8 470R,0402
Added Member To Class: ClassName=ESP32-PCB-Antenna-USB-Dongle-Motion-Sensor Member=Component R9 5k1,0402
Added Member To Class: ClassName=ESP32-PCB-Antenna-USB-Dongle-Motion-Sensor Member=Component R10 5k1,0402
Added Member To Class: ClassName=ESP32-PCB-Antenna-USB-Dongle-Motion-Sensor Member=Component R11 1k,0402
Added Member To Class: ClassName=ESP32-PCB-Antenna-USB-Dongle-Motion-Sensor Member=Component R12 1k,0402
Added Member To Class: ClassName=ESP32-PCB-Antenna-USB-Dongle-Motion-Sensor Member=Component R13 1k,0402
Added Member To Class: ClassName=ESP32-PCB-Antenna-USB-Dongle-Motion-Sensor Member=Component SW1 SKRPANE010
Added Member To Class: ClassName=ESP32-PCB-Antenna-USB-Dongle-Motion-Sensor Member=Component SW2 SKRPANE010
Added Member To Class: ClassName=ESP32-PCB-Antenna-USB-Dongle-Motion-Sensor Member=Component U1 W25Q16JVUXIQ
Added Member To Class: ClassName=ESP32-PCB-Antenna-USB-Dongle-Motion-Sensor Member=Component U2 ESP32-C3
Added Member To Class: ClassName=ESP32-PCB-Antenna-USB-Dongle-Motion-Sensor Member=Component U3 SPX3819M5-L-3-3/TR
Added Member To Class: ClassName=ESP32-PCB-Antenna-USB-Dongle-Motion-Sensor Member=Component U4 BMI055
Added Member To Class: ClassName=ESP32-PCB-Antenna-USB-Dongle-Motion-Sensor Member=Component X1 40Mhz,2520
Added Room: Name=ESP32-PCB-Antenna-USB-Dongle-Motion-Sensor
