Added Member To Class: ClassName=ESP32-PCB-Antenna-USB-Dongle-Motion-Sensor Member=Component C? 3P3,0603
Added Member To Class: ClassName=ESP32-PCB-Antenna-USB-Dongle-Motion-Sensor Member=Component C? 100n,0402
Added Member To Class: ClassName=ESP32-PCB-Antenna-USB-Dongle-Motion-Sensor Member=Component C? 100n,0402
Added Member To Class: ClassName=ESP32-PCB-Antenna-USB-Dongle-Motion-Sensor Member=Component C? 100n,0402
Added Member To Class: ClassName=ESP32-PCB-Antenna-USB-Dongle-Motion-Sensor Member=Component C? 100n,0402
Added Member To Class: ClassName=ESP32-PCB-Antenna-USB-Dongle-Motion-Sensor Member=Component C? 10u,0603
Added Member To Class: ClassName=ESP32-PCB-Antenna-USB-Dongle-Motion-Sensor Member=Component C? 10u,0603
Added Member To Class: ClassName=ESP32-PCB-Antenna-USB-Dongle-Motion-Sensor Member=Component C? 100n,0402
Added Member To Class: ClassName=ESP32-PCB-Antenna-USB-Dongle-Motion-Sensor Member=Component C? 10u,0603
Added Member To Class: ClassName=ESP32-PCB-Antenna-USB-Dongle-Motion-Sensor Member=Component C? 100n,0402
Added Member To Class: ClassName=ESP32-PCB-Antenna-USB-Dongle-Motion-Sensor Member=Component C? 10u,0603
Added Member To Class: ClassName=ESP32-PCB-Antenna-USB-Dongle-Motion-Sensor Member=Component C? 100n,0402
Added Member To Class: ClassName=ESP32-PCB-Antenna-USB-Dongle-Motion-Sensor Member=Component C? 100n,0402
Added Member To Class: ClassName=ESP32-PCB-Antenna-USB-Dongle-Motion-Sensor Member=Component C? 10p,0402
Added Member To Class: ClassName=ESP32-PCB-Antenna-USB-Dongle-Motion-Sensor Member=Component C? 100n,0402
Added Member To Class: ClassName=ESP32-PCB-Antenna-USB-Dongle-Motion-Sensor Member=Component C? 10u,0603
Added Member To Class: ClassName=ESP32-PCB-Antenna-USB-Dongle-Motion-Sensor Member=Component C? 10p,0402
Added Member To Class: ClassName=ESP32-PCB-Antenna-USB-Dongle-Motion-Sensor Member=Component C? 100n,0402
Added Member To Class: ClassName=ESP32-PCB-Antenna-USB-Dongle-Motion-Sensor Member=Component C? 100n,0402
Added Member To Class: ClassName=ESP32-PCB-Antenna-USB-Dongle-Motion-Sensor Member=Component C? 100n,0402
Added Member To Class: ClassName=ESP32-PCB-Antenna-USB-Dongle-Motion-Sensor Member=Component C? 100n,0402
Added Member To Class: ClassName=ESP32-PCB-Antenna-USB-Dongle-Motion-Sensor Member=Component C? 100n,0402
Added Member To Class: ClassName=ESP32-PCB-Antenna-USB-Dongle-Motion-Sensor Member=Component D? GREEN
Added Member To Class: ClassName=ESP32-PCB-Antenna-USB-Dongle-Motion-Sensor Member=Component D? GREEN
Added Member To Class: ClassName=ESP32-PCB-Antenna-USB-Dongle-Motion-Sensor Member=Component D? USBLC6-2SC6
Added Member To Class: ClassName=ESP32-PCB-Antenna-USB-Dongle-Motion-Sensor Member=Component D? GREEN
Added Member To Class: ClassName=ESP32-PCB-Antenna-USB-Dongle-Motion-Sensor Member=Component J? TYPE-C-31-M-12
Added Member To Class: ClassName=ESP32-PCB-Antenna-USB-Dongle-Motion-Sensor Member=Component L? 2n2,0603
Added Member To Class: ClassName=ESP32-PCB-Antenna-USB-Dongle-Motion-Sensor Member=Component L? 2n2,0603
Added Member To Class: ClassName=ESP32-PCB-Antenna-USB-Dongle-Motion-Sensor Member=Component R? 1k,0402
Added Member To Class: ClassName=ESP32-PCB-Antenna-USB-Dongle-Motion-Sensor Member=Component R? 5k1,0402
Added Member To Class: ClassName=ESP32-PCB-Antenna-USB-Dongle-Motion-Sensor Member=Component R? 22R,0402
Added Member To Class: ClassName=ESP32-PCB-Antenna-USB-Dongle-Motion-Sensor Member=Component R? 5k1,0402
Added Member To Class: ClassName=ESP32-PCB-Antenna-USB-Dongle-Motion-Sensor Member=Component R? 1k,0402
Added Member To Class: ClassName=ESP32-PCB-Antenna-USB-Dongle-Motion-Sensor Member=Component R? 1k,0402
Added Member To Class: ClassName=ESP32-PCB-Antenna-USB-Dongle-Motion-Sensor Member=Component R? 5k1,0402
Added Member To Class: ClassName=ESP32-PCB-Antenna-USB-Dongle-Motion-Sensor Member=Component R? 5k1,0402
Added Member To Class: ClassName=ESP32-PCB-Antenna-USB-Dongle-Motion-Sensor Member=Component R? 470R,0402
Added Member To Class: ClassName=ESP32-PCB-Antenna-USB-Dongle-Motion-Sensor Member=Component R? 470R,0402
Added Member To Class: ClassName=ESP32-PCB-Antenna-USB-Dongle-Motion-Sensor Member=Component R? 22R,0402
Added Member To Class: ClassName=ESP32-PCB-Antenna-USB-Dongle-Motion-Sensor Member=Component R? 5k1,0402
Added Member To Class: ClassName=ESP32-PCB-Antenna-USB-Dongle-Motion-Sensor Member=Component SW? SKRPANE010
Added Member To Class: ClassName=ESP32-PCB-Antenna-USB-Dongle-Motion-Sensor Member=Component U? ESP32-C3
Added Member To Class: ClassName=ESP32-PCB-Antenna-USB-Dongle-Motion-Sensor Member=Component U? W25Q16JVUXIQ
Added Member To Class: ClassName=ESP32-PCB-Antenna-USB-Dongle-Motion-Sensor Member=Component U? SPX3819M5-L-3-3/TR
