Added Component: Designator=ANT?(ANT_IFA_USB_2_4GHZ_50R)
Add component (AddParameter): Name = "ComponentLink1Description"; Value = "Datasheet"; VariantName = "[No Variations]"
Add component (AddParameter): Name = "ComponentLink1URL"; Value = "https://www.ti.com/lit/an/swra117d/swra117d.pdf"; VariantName = "[No Variations]"
Added Component: Designator=C?(CAP_0402)
Added Component: Designator=C?(CAP_0402)
Added Component: Designator=C?(CAP_0402)
Added Component: Designator=C?(CAP_0402)
Added Component: Designator=C?(CAP_0402)
Added Component: Designator=C?(CAP_0402)
Added Component: Designator=C?(CAP_0402)
Added Component: Designator=C?(CAP_0402)
Added Component: Designator=C?(CAP_0402)
Added Component: Designator=C?(CAP_0603)
Added Component: Designator=C?(CAP_0603)
Added Component: Designator=C?(CAP_0603)
Added Component: Designator=C?(CAP_0402)
Added Component: Designator=C?(CAP_0603)
Added Component: Designator=C?(CAP_0603)
Added Component: Designator=C?(CAP_0402)
Added Component: Designator=C?(CAP_0603)
Added Component: Designator=C?(CAP_0402)
Added Component: Designator=C?(CAP_0402)
Added Component: Designator=C?(CAP_0402)
Added Component: Designator=C?(CAP_0402)
Added Component: Designator=C?(CAP_0402)
Added Component: Designator=C?(CAP_0603)
Added Component: Designator=D?(SOT-23-6)
Add component (AddParameter): Name = "Distributor Link"; Value = "https://www.mouser.de/ProductDetail/STMicroelectronics/USBLC6-2SC6?qs=po45yt2pPpu%2FhNIlwQdTlg%3D%3D"; VariantName = "[No Variations]"
Add component (AddParameter): Name = "Manufacturer"; Value = "STMicroelectronics"; VariantName = "[No Variations]"
Add component (AddParameter): Name = "Manufacturer Part Number"; Value = "USBLC6-2SC6"; VariantName = "[No Variations]"
Added Component: Designator=D?(LED_0402_GREEN)
Added Component: Designator=D?(SOT-23-6)
Add component (AddParameter): Name = "Distributor Link"; Value = "https://www.mouser.de/ProductDetail/STMicroelectronics/USBLC6-2SC6?qs=po45yt2pPpu%2FhNIlwQdTlg%3D%3D"; VariantName = "[No Variations]"
Add component (AddParameter): Name = "Manufacturer"; Value = "STMicroelectronics"; VariantName = "[No Variations]"
Add component (AddParameter): Name = "Manufacturer Part Number"; Value = "USBLC6-2SC6"; VariantName = "[No Variations]"
Added Component: Designator=D?(LED_0402_GREEN)
Added Component: Designator=D?(LED_0402_GREEN)
Added Component: Designator=J?(105313-1104)
Add component (AddParameter): Name = "Manufacturer"; Value = "Molex"; VariantName = "[No Variations]"
Add component (AddParameter): Name = "Manufacturer Part Number"; Value = "105313-1104"; VariantName = "[No Variations]"
Added Component: Designator=J?(TYPE-C-31-M-12)
Add component (AddParameter): Name = "Manufacturer"; Value = "Koren Hroparts"; VariantName = "[No Variations]"
Add component (AddParameter): Name = "Manufacturer Part Number"; Value = "TYPE-C-31-M-12"; VariantName = "[No Variations]"
Added Component: Designator=L?(IND_0603)
Added Component: Designator=L?(IND_0603)
Added Component: Designator=L?(IND_0603)
Added Component: Designator=R?(RES_0402)
Add component (AddParameter): Name = "Distributor Link"; Value = ""; VariantName = "[No Variations]"
Add component (AddParameter): Name = "Manufacturer"; Value = ""; VariantName = "[No Variations]"
Add component (AddParameter): Name = "Manufacturer Part Number"; Value = ""; VariantName = "[No Variations]"
Added Component: Designator=R?(RES_0402)
Add component (AddParameter): Name = "Distributor Link"; Value = ""; VariantName = "[No Variations]"
Add component (AddParameter): Name = "Manufacturer"; Value = ""; VariantName = "[No Variations]"
Add component (AddParameter): Name = "Manufacturer Part Number"; Value = ""; VariantName = "[No Variations]"
Added Component: Designator=R?(RES_0402)
Add component (AddParameter): Name = "Distributor Link"; Value = ""; VariantName = "[No Variations]"
Add component (AddParameter): Name = "Manufacturer"; Value = ""; VariantName = "[No Variations]"
Add component (AddParameter): Name = "Manufacturer Part Number"; Value = ""; VariantName = "[No Variations]"
Added Component: Designator=R?(RES_0402)
Add component (AddParameter): Name = "Distributor Link"; Value = ""; VariantName = "[No Variations]"
Add component (AddParameter): Name = "Manufacturer"; Value = ""; VariantName = "[No Variations]"
Add component (AddParameter): Name = "Manufacturer Part Number"; Value = ""; VariantName = "[No Variations]"
Added Component: Designator=R?(RES_0402)
Add component (AddParameter): Name = "Distributor Link"; Value = ""; VariantName = "[No Variations]"
Add component (AddParameter): Name = "Manufacturer"; Value = ""; VariantName = "[No Variations]"
Add component (AddParameter): Name = "Manufacturer Part Number"; Value = ""; VariantName = "[No Variations]"
Added Component: Designator=R?(RES_0402)
Add component (AddParameter): Name = "Distributor Link"; Value = ""; VariantName = "[No Variations]"
Add component (AddParameter): Name = "Manufacturer"; Value = ""; VariantName = "[No Variations]"
Add component (AddParameter): Name = "Manufacturer Part Number"; Value = ""; VariantName = "[No Variations]"
Added Component: Designator=R?(RES_0402)
Add component (AddParameter): Name = "Distributor Link"; Value = ""; VariantName = "[No Variations]"
Add component (AddParameter): Name = "Manufacturer"; Value = ""; VariantName = "[No Variations]"
Add component (AddParameter): Name = "Manufacturer Part Number"; Value = ""; VariantName = "[No Variations]"
Added Component: Designator=R?(RES_0402)
Add component (AddParameter): Name = "Distributor Link"; Value = ""; VariantName = "[No Variations]"
Add component (AddParameter): Name = "Manufacturer"; Value = ""; VariantName = "[No Variations]"
Add component (AddParameter): Name = "Manufacturer Part Number"; Value = ""; VariantName = "[No Variations]"
Added Component: Designator=R?(RES_0402)
Add component (AddParameter): Name = "Distributor Link"; Value = ""; VariantName = "[No Variations]"
Add component (AddParameter): Name = "Manufacturer"; Value = ""; VariantName = "[No Variations]"
Add component (AddParameter): Name = "Manufacturer Part Number"; Value = ""; VariantName = "[No Variations]"
Added Component: Designator=R?(RES_0402)
Add component (AddParameter): Name = "Distributor Link"; Value = ""; VariantName = "[No Variations]"
Add component (AddParameter): Name = "Manufacturer"; Value = ""; VariantName = "[No Variations]"
Add component (AddParameter): Name = "Manufacturer Part Number"; Value = ""; VariantName = "[No Variations]"
Added Component: Designator=R?(RES_0402)
Add component (AddParameter): Name = "Distributor Link"; Value = ""; VariantName = "[No Variations]"
Add component (AddParameter): Name = "Manufacturer"; Value = ""; VariantName = "[No Variations]"
Add component (AddParameter): Name = "Manufacturer Part Number"; Value = ""; VariantName = "[No Variations]"
Added Component: Designator=R?(RES_0402)
Add component (AddParameter): Name = "Distributor Link"; Value = ""; VariantName = "[No Variations]"
Add component (AddParameter): Name = "Manufacturer"; Value = ""; VariantName = "[No Variations]"
Add component (AddParameter): Name = "Manufacturer Part Number"; Value = ""; VariantName = "[No Variations]"
Added Component: Designator=R?(RES_0402)
Add component (AddParameter): Name = "Distributor Link"; Value = ""; VariantName = "[No Variations]"
Add component (AddParameter): Name = "Manufacturer"; Value = ""; VariantName = "[No Variations]"
Add component (AddParameter): Name = "Manufacturer Part Number"; Value = ""; VariantName = "[No Variations]"
Added Component: Designator=SW?(SKRPANE010)
Add component (AddParameter): Name = "Manufacturer"; Value = "Alps Alpine"; VariantName = "[No Variations]"
Add component (AddParameter): Name = "Manufacturer Part Number"; Value = "SKRPANE010"; VariantName = "[No Variations]"
Added Component: Designator=SW?(SKRPANE010)
Add component (AddParameter): Name = "Manufacturer"; Value = "Alps Alpine"; VariantName = "[No Variations]"
Add component (AddParameter): Name = "Manufacturer Part Number"; Value = "SKRPANE010"; VariantName = "[No Variations]"
Added Component: Designator=U?(BMI088)
Add component (AddParameter): Name = "LCSC"; Value = "C189620"; VariantName = "[No Variations]"
Add component (AddParameter): Name = "Manufacturer"; Value = "Bosch"; VariantName = "[No Variations]"
Add component (AddParameter): Name = "Manufacturer Part Number"; Value = "BMI055"; VariantName = "[No Variations]"
Added Component: Designator=U?(QFN32-5x5)
Add component (AddParameter): Name = "LCSC"; Value = "C2838500"; VariantName = "[No Variations]"
Add component (AddParameter): Name = "Manufacturer"; Value = "Espressif"; VariantName = "[No Variations]"
Add component (AddParameter): Name = "Manufacturer Part Number"; Value = "ESP32-C3"; VariantName = "[No Variations]"
Added Component: Designator=U?(USON-8-2X3MM)
Add component (AddParameter): Name = "LCSC"; Value = "C2843335"; VariantName = "[No Variations]"
Add component (AddParameter): Name = "Manufacturer"; Value = "Winbond"; VariantName = "[No Variations]"
Add component (AddParameter): Name = "Manufacturer Part Number"; Value = "W25Q16JVUXIQ"; VariantName = "[No Variations]"
Added Component: Designator=U?(SOT-23-5)
Add component (AddParameter): Name = "Manufacturer"; Value = "MaxLinear"; VariantName = "[No Variations]"
Add component (AddParameter): Name = "Manufacturer Part Number"; Value = "SPX3819M5-L-3-3/TR"; VariantName = "[No Variations]"
Added Component: Designator=X?(XTAL_2520)
Add component (AddParameter): Name = "Distributor Link"; Value = ""; VariantName = "[No Variations]"
Add component (AddParameter): Name = "Manufacturer"; Value = ""; VariantName = "[No Variations]"
Add component (AddParameter): Name = "Manufacturer Part Number"; Value = ""; VariantName = "[No Variations]"
Added Pin To Net: NetName=ANT_RF Pin=ANT?-1
Added Pin To Net: NetName=ANT_RF Pin=ANT?-1
Added Pin To Net: NetName=ANT_RF Pin=ANT?-1
Added Pin To Net: NetName=ANT_RF Pin=ANT?-1
Added Pin To Net: NetName=ANT_RF Pin=ANT?-1
Added Pin To Net: NetName=ANT_RF Pin=ANT?-1
Added Pin To Net: NetName=ANT_RF Pin=ANT?-1
Added Pin To Net: NetName=ANT_RF Pin=ANT?-1
Added Pin To Net: NetName=ANT_RF Pin=ANT?-1
Added Pin To Net: NetName=ANT_RF Pin=ANT?-1
Added Pin To Net: NetName=ANT_RF Pin=ANT?-1
Added Pin To Net: NetName=GND Pin=ANT?-2
Added Pin To Net: NetName=ANT_RF Pin=C?-1
Added Pin To Net: NetName=GND Pin=C?-1
Added Pin To Net: NetName=GND Pin=C?-1
Added Pin To Net: NetName=GND Pin=C?-1
Added Pin To Net: NetName=GND Pin=C?-1
Added Pin To Net: NetName=GND Pin=C?-1
Added Pin To Net: NetName=GND Pin=C?-1
Added Pin To Net: NetName=GND Pin=C?-1
Added Pin To Net: NetName=GND Pin=C?-1
Added Pin To Net: NetName=GND Pin=C?-1
Added Pin To Net: NetName=GND Pin=C?-1
Added Pin To Net: NetName=GND Pin=C?-1
Added Pin To Net: NetName=GND Pin=C?-1
Added Pin To Net: NetName=GND Pin=C?-1
Added Pin To Net: NetName=GND Pin=C?-1
Added Pin To Net: NetName=GND Pin=C?-1
Added Pin To Net: NetName=GND Pin=C?-1
Added Pin To Net: NetName=GND Pin=C?-1
Added Pin To Net: NetName=GND Pin=C?-1
Added Pin To Net: NetName=GND Pin=C?-1
Added Pin To Net: NetName=GND Pin=C?-1
Added Pin To Net: NetName=GND Pin=C?-1
Added Pin To Net: NetName=LNA_IN Pin=C?-1
Added Pin To Net: NetName=+3V3_RF Pin=C?-2
Added Pin To Net: NetName=+3V3 Pin=C?-2
Added Pin To Net: NetName=+3V3 Pin=C?-2
Added Pin To Net: NetName=+3V3 Pin=C?-2
Added Pin To Net: NetName=+3V3 Pin=C?-2
Added Pin To Net: NetName=+3V3 Pin=C?-2
Added Pin To Net: NetName=+3V3 Pin=C?-2
Added Pin To Net: NetName=+3V3 Pin=C?-2
Added Pin To Net: NetName=+3V3 Pin=C?-2
Added Pin To Net: NetName=+3V3 Pin=C?-2
Added Pin To Net: NetName=+VBUS_FLT Pin=C?-2
Added Pin To Net: NetName=+VBUS_FLT Pin=C?-2
Added Pin To Net: NetName=+VBUS_FLT Pin=C?-2
Added Pin To Net: NetName=+VBUS Pin=C?-2
Added Pin To Net: NetName=+VCC_SPI Pin=C?-2
Added Pin To Net: NetName=+VCC_SPI Pin=C?-2
Added Pin To Net: NetName=CHIP_EN Pin=C?-2
Added Pin To Net: NetName=GND Pin=C?-2
Added Pin To Net: NetName=GND Pin=C?-2
Added Pin To Net: NetName=INT_GYR_GPIO9 Pin=C?-2
Added Pin To Net: NetName=XTAL_N Pin=C?-2
Added Pin To Net: NetName=XTAL_P Pin=C?-2
Added Pin To Net: NetName=MCU_USB_D_N Pin=D?-1
Added Pin To Net: NetName=UART0_RX Pin=D?-1
Added Pin To Net: NetName=GND Pin=D?-2
Added Pin To Net: NetName=GND Pin=D?-2
Added Pin To Net: NetName=MCU_USB_D_P Pin=D?-3
Added Pin To Net: NetName=UART0_TX Pin=D?-3
Added Pin To Net: NetName=UART0_TX_OUT Pin=D?-4
Added Pin To Net: NetName=USB_D_P Pin=D?-4
Added Pin To Net: NetName=+VBUS_FLT Pin=D?-5
Added Pin To Net: NetName=+VBUS Pin=D?-5
Added Pin To Net: NetName=UART0_RX_OUT Pin=D?-6
Added Pin To Net: NetName=USB_D_N Pin=D?-6
Added Pin To Net: NetName=+3V3 Pin=D?-A
Added Pin To Net: NetName=LED_A Pin=D?-A
Added Pin To Net: NetName=LED_B Pin=D?-A
Added Pin To Net: NetName=LED_A_K Pin=D?-K
Added Pin To Net: NetName=LED_B_K Pin=D?-K
Added Pin To Net: NetName=PWR_LED_K Pin=D?-K
Added Pin To Net: NetName=+VBUS_FLT Pin=J?-1
Added Pin To Net: NetName=UART0_RX_OUT Pin=J?-2
Added Pin To Net: NetName=UART0_TX_OUT Pin=J?-3
Added Pin To Net: NetName=GND Pin=J?-4
Added Pin To Net: NetName=GND Pin=J?-A1B12
Added Pin To Net: NetName=+VBUS Pin=J?-A4B9
Added Pin To Net: NetName=CC1 Pin=J?-A5
Added Pin To Net: NetName=USB_D_P Pin=J?-A6
Added Pin To Net: NetName=USB_D_N Pin=J?-A7
Added Pin To Net: NetName=GND Pin=J?-B1A12
Added Pin To Net: NetName=+VBUS Pin=J?-B4A9
Added Pin To Net: NetName=CC2 Pin=J?-B5
Added Pin To Net: NetName=USB_D_P Pin=J?-B6
Added Pin To Net: NetName=USB_D_N Pin=J?-B7
Added Pin To Net: NetName=+3V3_RF Pin=L?-1
Added Pin To Net: NetName=+VBUS Pin=L?-1
Added Pin To Net: NetName=LNA_IN Pin=L?-1
Added Pin To Net: NetName=+3V3 Pin=L?-2
Added Pin To Net: NetName=+VBUS_FLT Pin=L?-2
Added Pin To Net: NetName=ANT_RF Pin=L?-2
Added Pin To Net: NetName=CHIP_EN Pin=R?-1
Added Pin To Net: NetName=FSPI_CLK Pin=R?-1
Added Pin To Net: NetName=FSPI_NCS2 Pin=R?-1
Added Pin To Net: NetName=FSPI_Q Pin=R?-1
Added Pin To Net: NetName=GND Pin=R?-1
Added Pin To Net: NetName=GND Pin=R?-1
Added Pin To Net: NetName=GND Pin=R?-1
Added Pin To Net: NetName=GND Pin=R?-1
Added Pin To Net: NetName=GND Pin=R?-1
Added Pin To Net: NetName=INT_GYR_GPIO9 Pin=R?-1
Added Pin To Net: NetName=MCU_XTAL_P Pin=R?-1
Added Pin To Net: NetName=UART0_RX Pin=R?-1
Added Pin To Net: NetName=UART0_TX Pin=R?-1
Added Pin To Net: NetName=+3V3 Pin=R?-2
Added Pin To Net: NetName=+3V3 Pin=R?-2
Added Pin To Net: NetName=+3V3 Pin=R?-2
Added Pin To Net: NetName=+3V3 Pin=R?-2
Added Pin To Net: NetName=CC1 Pin=R?-2
Added Pin To Net: NetName=CC2 Pin=R?-2
Added Pin To Net: NetName=LED_A_K Pin=R?-2
Added Pin To Net: NetName=LED_B_K Pin=R?-2
Added Pin To Net: NetName=MCU_MTCK Pin=R?-2
Added Pin To Net: NetName=MCU_U0_RX Pin=R?-2
Added Pin To Net: NetName=MCU_U0_TX Pin=R?-2
Added Pin To Net: NetName=PWR_LED_K Pin=R?-2
Added Pin To Net: NetName=XTAL_P Pin=R?-2
Added Pin To Net: NetName=GND Pin=SW?-12
Added Pin To Net: NetName=GND Pin=SW?-12
Added Pin To Net: NetName=GND Pin=SW?-12
Added Pin To Net: NetName=GND Pin=SW?-12
Added Pin To Net: NetName=CHIP_EN Pin=SW?-34
Added Pin To Net: NetName=CHIP_EN Pin=SW?-34
Added Pin To Net: NetName=INT_GYR_GPIO9 Pin=SW?-34
Added Pin To Net: NetName=INT_GYR_GPIO9 Pin=SW?-34
Added Pin To Net: NetName=+VBUS_FLT Pin=U?-1
Added Pin To Net: NetName=LNA_IN Pin=U?-1
Added Pin To Net: NetName=SPICSO Pin=U?-1
Added Pin To Net: NetName=+3V3_RF Pin=U?-2
Added Pin To Net: NetName=GND Pin=U?-2
Added Pin To Net: NetName=GND Pin=U?-2
Added Pin To Net: NetName=SPIQ Pin=U?-2
Added Pin To Net: NetName=+3V3_RF Pin=U?-3
Added Pin To Net: NetName=+3V3 Pin=U?-3
Added Pin To Net: NetName=+VBUS_FLT Pin=U?-3
Added Pin To Net: NetName=SPIWP Pin=U?-3
Added Pin To Net: NetName=GND Pin=U?-4
Added Pin To Net: NetName=GND Pin=U?-4
Added Pin To Net: NetName=+3V3 Pin=U?-5
Added Pin To Net: NetName=FSPI_NCS2 Pin=U?-5
Added Pin To Net: NetName=SPID Pin=U?-5
Added Pin To Net: NetName=FSPI_Q Pin=U?-6
Added Pin To Net: NetName=GND Pin=U?-6
Added Pin To Net: NetName=SPICLK Pin=U?-6
Added Pin To Net: NetName=CHIP_EN Pin=U?-7
Added Pin To Net: NetName=GND Pin=U?-7
Added Pin To Net: NetName=SPIHD Pin=U?-7
Added Pin To Net: NetName=+VCC_SPI Pin=U?-8
Added Pin To Net: NetName=FSPI_CLK Pin=U?-8
Added Pin To Net: NetName=LED_A Pin=U?-8
Added Pin To Net: NetName=FSPI_D Pin=U?-9
Added Pin To Net: NetName=GND Pin=U?-9
Added Pin To Net: NetName=LED_B Pin=U?-9
Added Pin To Net: NetName=FSPI_Q Pin=U?-10
Added Pin To Net: NetName=INT_ACC Pin=U?-10
Added Pin To Net: NetName=+3V3 Pin=U?-11
Added Pin To Net: NetName=+3V3 Pin=U?-11
Added Pin To Net: NetName=INT_GYR_GPIO9 Pin=U?-12
Added Pin To Net: NetName=MCU_MTCK Pin=U?-12
Added Pin To Net: NetName=FSPI_D Pin=U?-13
Added Pin To Net: NetName=FSPI_NCS2 Pin=U?-14
Added Pin To Net: NetName=FSPI_NCS Pin=U?-14
Added Pin To Net: NetName=FSPI_Q Pin=U?-15
Added Pin To Net: NetName=INT_GYR_GPIO9 Pin=U?-15
Added Pin To Net: NetName=FSPI_NCS Pin=U?-16
Added Pin To Net: NetName=INT_ACC Pin=U?-16
Added Pin To Net: NetName=+3V3 Pin=U?-17
Added Pin To Net: NetName=+VCC_SPI Pin=U?-18
Added Pin To Net: NetName=SPIHD Pin=U?-19
Added Pin To Net: NetName=SPIWP Pin=U?-20
Added Pin To Net: NetName=SPICSO Pin=U?-21
Added Pin To Net: NetName=SPICLK Pin=U?-22
Added Pin To Net: NetName=SPID Pin=U?-23
Added Pin To Net: NetName=SPIQ Pin=U?-24
Added Pin To Net: NetName=MCU_USB_D_N Pin=U?-25
Added Pin To Net: NetName=MCU_USB_D_P Pin=U?-26
Added Pin To Net: NetName=MCU_U0_RX Pin=U?-27
Added Pin To Net: NetName=MCU_U0_TX Pin=U?-28
Added Pin To Net: NetName=XTAL_N Pin=U?-29
Added Pin To Net: NetName=MCU_XTAL_P Pin=U?-30
Added Pin To Net: NetName=+3V3 Pin=U?-31
Added Pin To Net: NetName=+3V3 Pin=U?-32
Added Pin To Net: NetName=GND Pin=U?-33
Added Pin To Net: NetName=XTAL_P Pin=X?-1
Added Pin To Net: NetName=GND Pin=X?-2
Added Pin To Net: NetName=XTAL_N Pin=X?-3
Added Pin To Net: NetName=GND Pin=X?-4
Added Pin To Net: NetName=NetC?_2 Pin=C?-2
Added Pin To Net: NetName=NetC?_2 Pin=U?-4
Added Net: Name=NetC?_2
Added Member To Class: ClassName=ESP32-PCB-Antenna-USB-Dongle-Motion-Sensor Member=Component ANT? PCB Antenna 2.4GHz 50Ohm
Added Member To Class: ClassName=ESP32-PCB-Antenna-USB-Dongle-Motion-Sensor Member=Component C? 100n,0402
Added Member To Class: ClassName=ESP32-PCB-Antenna-USB-Dongle-Motion-Sensor Member=Component C? 100n,0402
Added Member To Class: ClassName=ESP32-PCB-Antenna-USB-Dongle-Motion-Sensor Member=Component C? 100n,0402
Added Member To Class: ClassName=ESP32-PCB-Antenna-USB-Dongle-Motion-Sensor Member=Component C? 100n,0402
Added Member To Class: ClassName=ESP32-PCB-Antenna-USB-Dongle-Motion-Sensor Member=Component C? 100n,0402
Added Member To Class: ClassName=ESP32-PCB-Antenna-USB-Dongle-Motion-Sensor Member=Component C? 100n,0402
Added Member To Class: ClassName=ESP32-PCB-Antenna-USB-Dongle-Motion-Sensor Member=Component C? 100n,0402
Added Member To Class: ClassName=ESP32-PCB-Antenna-USB-Dongle-Motion-Sensor Member=Component C? 100n,0402
Added Member To Class: ClassName=ESP32-PCB-Antenna-USB-Dongle-Motion-Sensor Member=Component C? 100n,0402
Added Member To Class: ClassName=ESP32-PCB-Antenna-USB-Dongle-Motion-Sensor Member=Component C? 10u,0603
Added Member To Class: ClassName=ESP32-PCB-Antenna-USB-Dongle-Motion-Sensor Member=Component C? 3P3,0603
Added Member To Class: ClassName=ESP32-PCB-Antenna-USB-Dongle-Motion-Sensor Member=Component C? 10u,0603
Added Member To Class: ClassName=ESP32-PCB-Antenna-USB-Dongle-Motion-Sensor Member=Component C? 100n,0402
Added Member To Class: ClassName=ESP32-PCB-Antenna-USB-Dongle-Motion-Sensor Member=Component C? 10u,0603
Added Member To Class: ClassName=ESP32-PCB-Antenna-USB-Dongle-Motion-Sensor Member=Component C? 10u,0603
Added Member To Class: ClassName=ESP32-PCB-Antenna-USB-Dongle-Motion-Sensor Member=Component C? 100n,0402
Added Member To Class: ClassName=ESP32-PCB-Antenna-USB-Dongle-Motion-Sensor Member=Component C? 10u,0603
Added Member To Class: ClassName=ESP32-PCB-Antenna-USB-Dongle-Motion-Sensor Member=Component C? 100n,0402
Added Member To Class: ClassName=ESP32-PCB-Antenna-USB-Dongle-Motion-Sensor Member=Component C? 100n,0402
Added Member To Class: ClassName=ESP32-PCB-Antenna-USB-Dongle-Motion-Sensor Member=Component C? 10p,0402
Added Member To Class: ClassName=ESP32-PCB-Antenna-USB-Dongle-Motion-Sensor Member=Component C? 100n,0402
Added Member To Class: ClassName=ESP32-PCB-Antenna-USB-Dongle-Motion-Sensor Member=Component C? 10p,0402
Added Member To Class: ClassName=ESP32-PCB-Antenna-USB-Dongle-Motion-Sensor Member=Component C? 3P3,0603
Added Member To Class: ClassName=ESP32-PCB-Antenna-USB-Dongle-Motion-Sensor Member=Component D? USBLC6-2SC6
Added Member To Class: ClassName=ESP32-PCB-Antenna-USB-Dongle-Motion-Sensor Member=Component D? GREEN
Added Member To Class: ClassName=ESP32-PCB-Antenna-USB-Dongle-Motion-Sensor Member=Component D? USBLC6-2SC6
Added Member To Class: ClassName=ESP32-PCB-Antenna-USB-Dongle-Motion-Sensor Member=Component D? GREEN
Added Member To Class: ClassName=ESP32-PCB-Antenna-USB-Dongle-Motion-Sensor Member=Component D? GREEN
Added Member To Class: ClassName=ESP32-PCB-Antenna-USB-Dongle-Motion-Sensor Member=Component J? 105313-1104
Added Member To Class: ClassName=ESP32-PCB-Antenna-USB-Dongle-Motion-Sensor Member=Component J? TYPE-C-31-M-12
Added Member To Class: ClassName=ESP32-PCB-Antenna-USB-Dongle-Motion-Sensor Member=Component L? 2n2,0603
Added Member To Class: ClassName=ESP32-PCB-Antenna-USB-Dongle-Motion-Sensor Member=Component L? 2n2,0603
Added Member To Class: ClassName=ESP32-PCB-Antenna-USB-Dongle-Motion-Sensor Member=Component L? 2n2,0603
Added Member To Class: ClassName=ESP32-PCB-Antenna-USB-Dongle-Motion-Sensor Member=Component R? 470R,0402
Added Member To Class: ClassName=ESP32-PCB-Antenna-USB-Dongle-Motion-Sensor Member=Component R? 5k1,0402
Added Member To Class: ClassName=ESP32-PCB-Antenna-USB-Dongle-Motion-Sensor Member=Component R? 1k,0402
Added Member To Class: ClassName=ESP32-PCB-Antenna-USB-Dongle-Motion-Sensor Member=Component R? 5k1,0402
Added Member To Class: ClassName=ESP32-PCB-Antenna-USB-Dongle-Motion-Sensor Member=Component R? 1k,0402
Added Member To Class: ClassName=ESP32-PCB-Antenna-USB-Dongle-Motion-Sensor Member=Component R? 5k1,0402
Added Member To Class: ClassName=ESP32-PCB-Antenna-USB-Dongle-Motion-Sensor Member=Component R? 470R,0402
Added Member To Class: ClassName=ESP32-PCB-Antenna-USB-Dongle-Motion-Sensor Member=Component R? 5k1,0402
Added Member To Class: ClassName=ESP32-PCB-Antenna-USB-Dongle-Motion-Sensor Member=Component R? 5k1,0402
Added Member To Class: ClassName=ESP32-PCB-Antenna-USB-Dongle-Motion-Sensor Member=Component R? 22R,0402
Added Member To Class: ClassName=ESP32-PCB-Antenna-USB-Dongle-Motion-Sensor Member=Component R? 22R,0402
Added Member To Class: ClassName=ESP32-PCB-Antenna-USB-Dongle-Motion-Sensor Member=Component R? 5k1,0402
Added Member To Class: ClassName=ESP32-PCB-Antenna-USB-Dongle-Motion-Sensor Member=Component R? 1k,0402
Added Member To Class: ClassName=ESP32-PCB-Antenna-USB-Dongle-Motion-Sensor Member=Component SW? SKRPANE010
Added Member To Class: ClassName=ESP32-PCB-Antenna-USB-Dongle-Motion-Sensor Member=Component SW? SKRPANE010
Added Member To Class: ClassName=ESP32-PCB-Antenna-USB-Dongle-Motion-Sensor Member=Component U? BMI055
Added Member To Class: ClassName=ESP32-PCB-Antenna-USB-Dongle-Motion-Sensor Member=Component U? ESP32-C3
Added Member To Class: ClassName=ESP32-PCB-Antenna-USB-Dongle-Motion-Sensor Member=Component U? W25Q16JVUXIQ
Added Member To Class: ClassName=ESP32-PCB-Antenna-USB-Dongle-Motion-Sensor Member=Component U? SPX3819M5-L-3-3/TR
Added Member To Class: ClassName=ESP32-PCB-Antenna-USB-Dongle-Motion-Sensor Member=Component X? 40Mhz,2520
Added Room: Name=ESP32-PCB-Antenna-USB-Dongle-Motion-Sensor
